/opt/local/Library/Frameworks/Python.framework/Versions/3.7/Resources/Python.app/Contents/MacOS/Python: can't open file 'pgnrelay/pgnrelay.py': [Errno 2] No such file or directory
Successfully created the directory data 
 * Serving Flask app "pgnserver" (lazy loading)
 * Environment: production
   WARNING: This is a development server. Do not use it in a production deployment.
   Use a production WSGI server instead.
 * Debug mode: off
Traceback (most recent call last):
  File "pgnserver/pgnserver.py", line 157, in <module>
    app.run(port='%d' % (args.port), host=args.host, threaded=True)
  File "/opt/local/Library/Frameworks/Python.framework/Versions/3.7/lib/python3.7/site-packages/flask/app.py", line 990, in run
    run_simple(host, port, self, **options)
  File "/opt/local/Library/Frameworks/Python.framework/Versions/3.7/lib/python3.7/site-packages/werkzeug/serving.py", line 1009, in run_simple
    inner()
  File "/opt/local/Library/Frameworks/Python.framework/Versions/3.7/lib/python3.7/site-packages/werkzeug/serving.py", line 962, in inner
    fd=fd,
  File "/opt/local/Library/Frameworks/Python.framework/Versions/3.7/lib/python3.7/site-packages/werkzeug/serving.py", line 805, in make_server
    host, port, app, request_handler, passthrough_errors, ssl_context, fd=fd
  File "/opt/local/Library/Frameworks/Python.framework/Versions/3.7/lib/python3.7/site-packages/werkzeug/serving.py", line 698, in __init__
    HTTPServer.__init__(self, server_address, handler)
  File "/opt/local/Library/Frameworks/Python.framework/Versions/3.7/lib/python3.7/socketserver.py", line 452, in __init__
    self.server_bind()
  File "/opt/local/Library/Frameworks/Python.framework/Versions/3.7/lib/python3.7/http/server.py", line 137, in server_bind
    socketserver.TCPServer.server_bind(self)
  File "/opt/local/Library/Frameworks/Python.framework/Versions/3.7/lib/python3.7/socketserver.py", line 466, in server_bind
    self.socket.bind(self.server_address)
OSError: [Errno 48] Address already in use
 * Serving Flask app "pgnserver" (lazy loading)
 * Environment: production
   WARNING: This is a development server. Do not use it in a production deployment.
   Use a production WSGI server instead.
 * Debug mode: off
 * Running on http://0.0.0.0:8033/ (Press CTRL+C to quit)
127.0.0.1 - - [23/Dec/2019 08:02:56] "[37mGET / HTTP/1.1[0m" 200 -
